<?xml version='1.0' encoding='UTF-8'?>
<testsuite hostname="DESKTOP-D8TPCF4" name="patmat.HuffmanSuite" tests="8" errors="0" failures="0" skipped="0" time="0.063">
                     <properties>
[...]
</properties>
                     <testcase classname="patmat.HuffmanSuite" name="weight of a larger tree" time="0.051">
                                                 
                                               </testcase><testcase classname="patmat.HuffmanSuite" name="chars of a larger tree" time="0.002">
                                                 
                                               </testcase><testcase classname="patmat.HuffmanSuite" name="string2chars(&quot;hello, world&quot;)" time="0.001">
                                                 
                                               </testcase><testcase classname="patmat.HuffmanSuite" name="makeOrderedLeafList for some frequency table" time="0.001">
                                                 
                                               </testcase><testcase classname="patmat.HuffmanSuite" name="combine of some leaf list" time="0.001">
                                                 
                                               </testcase><testcase classname="patmat.HuffmanSuite" name="testing encode" time="0.004">
                                                 
                                               </testcase><testcase classname="patmat.HuffmanSuite" name="testing decode" time="0.002">
                                                 
                                               </testcase><testcase classname="patmat.HuffmanSuite" name="decode and encode a very short text should be identity" time="0.001">
                                                 
                                               </testcase>
                     <system-out></system-out>
                     <system-err></system-err>
                   </testsuite>